<?xml version="1.0" encoding="UTF-8"?>
<!-- Generated by org.testng.reporters.JUnitXMLReporter -->
<testsuite hostname="SILICUS253" ignored="0" name="Default test" tests="3" failures="0" timestamp="08 May 2017 09:42:16 GMT" time="20.094" errors="0">
  <testcase name="Login" time="3.454" classname="Test.ExecuteTests"/>
  <testcase name="CreateEmployee" time="4.423" classname="Test.ExecuteTests"/>
  <testcase name="UpdateEmployee" time="1.536" classname="Test.ExecuteTests"/>
</testsuite> <!-- Default test -->
