<?xml version="1.0" encoding="UTF-8"?>
<!-- Generated by org.testng.reporters.JUnitXMLReporter -->
<testsuite hostname="SILICUS253" ignored="0" name="Default test" tests="4" failures="0" timestamp="10 May 2017 05:24:04 GMT" time="23.422" errors="0">
  <testcase name="Login" time="4.104" classname="Test.ExecuteTests"/>
  <testcase name="CreateEmployee" time="4.16" classname="Test.ExecuteTests"/>
  <testcase name="UpdateEmployee" time="1.776" classname="Test.ExecuteTests"/>
  <testcase name="LogOut" time="3.86" classname="Test.ExecuteTests"/>
</testsuite> <!-- Default test -->
