<?xml version="1.0" encoding="UTF-8"?>
<!-- Generated by org.testng.reporters.JUnitXMLReporter -->
<testsuite hostname="SILICUS253" ignored="0" name="OrangeHRM" tests="3" failures="0" timestamp="08 May 2017 13:58:53 GMT" time="21.706" errors="0">
  <testcase name="Login" time="2.886" classname="Test.ExecuteTests"/>
  <testcase name="CreateEmployee" time="3.461" classname="Test.ExecuteTests"/>
  <testcase name="UpdateEmployee" time="1.627" classname="Test.ExecuteTests"/>
</testsuite> <!-- OrangeHRM -->
