<?xml version="1.0" encoding="UTF-8"?>
<testng-results skipped="0" failed="0" ignored="0" total="3" passed="3">
  <reporter-output>
  </reporter-output>
  <suite name="Suite" duration-ms="21706" started-at="2017-05-08T13:58:31Z" finished-at="2017-05-08T13:58:53Z">
    <groups>
    </groups>
    <test name="OrangeHRM" duration-ms="21706" started-at="2017-05-08T13:58:31Z" finished-at="2017-05-08T13:58:53Z">
      <class name="Test.ExecuteTests">
        <test-method status="PASS" signature="launchBrowser()[pri:0, instance:Test.ExecuteTests@1753acfe]" name="launchBrowser" is-config="true" duration-ms="10856" started-at="2017-05-08T19:28:31Z" finished-at="2017-05-08T19:28:42Z">
          <reporter-output>
          </reporter-output>
        </test-method> <!-- launchBrowser -->
        <test-method status="PASS" signature="Login()[pri:0, instance:Test.ExecuteTests@1753acfe]" name="Login" duration-ms="2886" started-at="2017-05-08T19:28:42Z" finished-at="2017-05-08T19:28:45Z">
          <reporter-output>
          </reporter-output>
        </test-method> <!-- Login -->
        <test-method status="PASS" signature="CreateEmployee()[pri:0, instance:Test.ExecuteTests@1753acfe]" name="CreateEmployee" duration-ms="3461" started-at="2017-05-08T19:28:45Z" depends-on-methods="Test.ExecuteTests.Login" finished-at="2017-05-08T19:28:48Z">
          <reporter-output>
          </reporter-output>
        </test-method> <!-- CreateEmployee -->
        <test-method status="PASS" signature="UpdateEmployee()[pri:0, instance:Test.ExecuteTests@1753acfe]" name="UpdateEmployee" duration-ms="1627" started-at="2017-05-08T19:28:48Z" depends-on-methods="Test.ExecuteTests.CreateEmployee" finished-at="2017-05-08T19:28:50Z">
          <reporter-output>
          </reporter-output>
        </test-method> <!-- UpdateEmployee -->
        <test-method status="PASS" signature="closeBrowser()[pri:0, instance:Test.ExecuteTests@1753acfe]" name="closeBrowser" is-config="true" duration-ms="2825" started-at="2017-05-08T19:28:50Z" finished-at="2017-05-08T19:28:53Z">
          <reporter-output>
          </reporter-output>
        </test-method> <!-- closeBrowser -->
      </class> <!-- Test.ExecuteTests -->
    </test> <!-- OrangeHRM -->
  </suite> <!-- Suite -->
</testng-results>
